-encoding
UTF-8
-outxml
-source
1.6
-target
1.6
-classpath
/home/famramiba/.m2/repository/junit/junit/4.11/junit-4.11.jar:/home/famramiba/.m2/repository/log4j/log4j/1.2.17/log4j-1.2.17.jar:/home/famramiba/.m2/repository/org/slf4j/slf4j-api/1.7.5/slf4j-api-1.7.5.jar:/home/famramiba/.m2/repository/org/slf4j/jcl-over-slf4j/1.7.5/jcl-over-slf4j-1.7.5.jar:/home/famramiba/.m2/repository/org/slf4j/slf4j-log4j12/1.7.5/slf4j-log4j12-1.7.5.jar:/home/famramiba/.m2/repository/org/aspectj/aspectjrt/1.8.1/aspectjrt-1.8.1.jar:/home/famramiba/.m2/repository/org/aspectj/aspectjweaver/1.8.1/aspectjweaver-1.8.1.jar:/home/famramiba/.m2/repository/javax/servlet/servlet-api/2.5/servlet-api-2.5.jar:/home/famramiba/.m2/repository/net/sf/flexjson/flexjson/2.1/flexjson-2.1.jar:/home/famramiba/.m2/repository/org/apache/commons/commons-lang3/3.1/commons-lang3-3.1.jar:/home/famramiba/.m2/repository/org/springframework/roo/org.springframework.roo.annotations/1.3.0.RELEASE/org.springframework.roo.annotations-1.3.0.RELEASE.jar:/home/famramiba/.m2/repository/org/springframework/spring-core/3.2.6.RELEASE/spring-core-3.2.6.RELEASE.jar:/home/famramiba/.m2/repository/org/springframework/spring-test/3.2.6.RELEASE/spring-test-3.2.6.RELEASE.jar:/home/famramiba/.m2/repository/org/springframework/spring-context/3.2.6.RELEASE/spring-context-3.2.6.RELEASE.jar:/home/famramiba/.m2/repository/org/springframework/spring-aop/3.2.6.RELEASE/spring-aop-3.2.6.RELEASE.jar:/home/famramiba/.m2/repository/org/springframework/spring-aspects/3.2.6.RELEASE/spring-aspects-3.2.6.RELEASE.jar:/home/famramiba/.m2/repository/mysql/mysql-connector-java/5.1.18/mysql-connector-java-5.1.18.jar:/home/famramiba/.m2/repository/org/hibernate/hibernate-core/4.3.6.Final/hibernate-core-4.3.6.Final.jar:/home/famramiba/.m2/repository/org/hibernate/hibernate-entitymanager/4.3.6.Final/hibernate-entitymanager-4.3.6.Final.jar:/home/famramiba/.m2/repository/org/hibernate/javax/persistence/hibernate-jpa-2.1-api/1.0.0.Final/hibernate-jpa-2.1-api-1.0.0.Final.jar:/home/famramiba/.m2/repository/commons-collections/commons-collections/3.2.1/commons-collections-3.2.1.jar:/home/famramiba/.m2/repository/org/hibernate/hibernate-validator/4.3.2.Final/hibernate-validator-4.3.2.Final.jar:/home/famramiba/.m2/repository/javax/validation/validation-api/1.0.0.GA/validation-api-1.0.0.GA.jar:/home/famramiba/.m2/repository/javax/transaction/jta/1.1/jta-1.1.jar:/home/famramiba/.m2/repository/org/springframework/spring-jdbc/3.2.6.RELEASE/spring-jdbc-3.2.6.RELEASE.jar:/home/famramiba/.m2/repository/org/springframework/spring-orm/3.2.6.RELEASE/spring-orm-3.2.6.RELEASE.jar:/home/famramiba/.m2/repository/commons-pool/commons-pool/1.5.6/commons-pool-1.5.6.jar:/home/famramiba/.m2/repository/commons-dbcp/commons-dbcp/1.4/commons-dbcp-1.4.jar:/home/famramiba/.m2/repository/org/springframework/data/spring-data-jpa/1.4.3.RELEASE/spring-data-jpa-1.4.3.RELEASE.jar:/home/famramiba/.m2/repository/org/springframework/spring-webmvc/3.2.6.RELEASE/spring-webmvc-3.2.6.RELEASE.jar:/home/famramiba/.m2/repository/org/springframework/webflow/spring-js-resources/2.2.1.RELEASE/spring-js-resources-2.2.1.RELEASE.jar:/home/famramiba/.m2/repository/commons-digester/commons-digester/2.1/commons-digester-2.1.jar:/home/famramiba/.m2/repository/commons-fileupload/commons-fileupload/1.2.2/commons-fileupload-1.2.2.jar:/home/famramiba/.m2/repository/javax/servlet/jsp/jstl/jstl-api/1.2/jstl-api-1.2.jar:/home/famramiba/.m2/repository/org/glassfish/web/jstl-impl/1.2/jstl-impl-1.2.jar:/home/famramiba/.m2/repository/javax/el/el-api/2.2/el-api-2.2.jar:/home/famramiba/.m2/repository/joda-time/joda-time/1.6/joda-time-1.6.jar:/home/famramiba/.m2/repository/javax/servlet/jsp/jsp-api/2.1/jsp-api-2.1.jar:/home/famramiba/.m2/repository/commons-codec/commons-codec/1.5/commons-codec-1.5.jar:/home/famramiba/.m2/repository/org/apache/tiles/tiles-jsp/2.2.2/tiles-jsp-2.2.2.jar:/home/famramiba/.m2/repository/org/springframework/security/spring-security-core/3.1.0.RELEASE/spring-security-core-3.1.0.RELEASE.jar:/home/famramiba/.m2/repository/org/springframework/security/spring-security-config/3.1.0.RELEASE/spring-security-config-3.1.0.RELEASE.jar:/home/famramiba/.m2/repository/org/springframework/security/spring-security-web/3.1.0.RELEASE/spring-security-web-3.1.0.RELEASE.jar:/home/famramiba/.m2/repository/org/springframework/security/spring-security-taglibs/3.1.0.RELEASE/spring-security-taglibs-3.1.0.RELEASE.jar:/home/famramiba/.m2/repository/org/springframework/spring-context-support/3.2.6.RELEASE/spring-context-support-3.2.6.RELEASE.jar:/home/famramiba/.m2/repository/javax/mail/mail/1.4.1/mail-1.4.1.jar:/home/famramiba/.m2/repository/javax/activation/activation/1.1.1/activation-1.1.1.jar:/home/famramiba/.m2/repository/commons-io/commons-io/2.4/commons-io-2.4.jar:/home/famramiba/.m2/repository/org/springframework/spring-beans/3.2.6.RELEASE/spring-beans-3.2.6.RELEASE.jar:/home/famramiba/.m2/repository/org/springframework/spring-expression/3.2.6.RELEASE/spring-expression-3.2.6.RELEASE.jar:/home/famramiba/.m2/repository/aopalliance/aopalliance/1.0/aopalliance-1.0.jar:/home/famramiba/.m2/repository/org/jboss/logging/jboss-logging/3.1.3.GA/jboss-logging-3.1.3.GA.jar:/home/famramiba/.m2/repository/org/jboss/logging/jboss-logging-annotations/1.2.0.Beta1/jboss-logging-annotations-1.2.0.Beta1.jar:/home/famramiba/.m2/repository/org/jboss/spec/javax/transaction/jboss-transaction-api_1.2_spec/1.0.0.Final/jboss-transaction-api_1.2_spec-1.0.0.Final.jar:/home/famramiba/.m2/repository/dom4j/dom4j/1.6.1/dom4j-1.6.1.jar:/home/famramiba/.m2/repository/xml-apis/xml-apis/1.0.b2/xml-apis-1.0.b2.jar:/home/famramiba/.m2/repository/org/hibernate/common/hibernate-commons-annotations/4.0.5.Final/hibernate-commons-annotations-4.0.5.Final.jar:/home/famramiba/.m2/repository/org/javassist/javassist/3.18.1-GA/javassist-3.18.1-GA.jar:/home/famramiba/.m2/repository/antlr/antlr/2.7.7/antlr-2.7.7.jar:/home/famramiba/.m2/repository/org/jboss/jandex/1.1.0.Final/jandex-1.1.0.Final.jar:/home/famramiba/.m2/repository/org/springframework/spring-tx/3.2.6.RELEASE/spring-tx-3.2.6.RELEASE.jar:/home/famramiba/.m2/repository/org/springframework/data/spring-data-commons/1.6.3.RELEASE/spring-data-commons-1.6.3.RELEASE.jar:/home/famramiba/.m2/repository/org/springframework/spring-web/3.2.6.RELEASE/spring-web-3.2.6.RELEASE.jar:/home/famramiba/.m2/repository/commons-beanutils/commons-beanutils/1.8.3/commons-beanutils-1.8.3.jar:/home/famramiba/.m2/repository/org/apache/tiles/tiles-servlet/2.2.2/tiles-servlet-2.2.2.jar:/home/famramiba/.m2/repository/org/apache/tiles/tiles-core/2.2.2/tiles-core-2.2.2.jar:/home/famramiba/.m2/repository/org/apache/tiles/tiles-template/2.2.2/tiles-template-2.2.2.jar:/home/famramiba/.m2/repository/org/apache/tiles/tiles-api/2.2.2/tiles-api-2.2.2.jar:/home/famramiba/.m2/repository/org/springframework/security/spring-security-crypto/3.1.0.RELEASE/spring-security-crypto-3.1.0.RELEASE.jar:/home/famramiba/.m2/repository/org/springframework/security/spring-security-acl/3.1.0.RELEASE/spring-security-acl-3.1.0.RELEASE.jar:/home/famramiba/erik/coleadmin/repo/local/coleadmin/v_010/target/classes
-aspectpath
/home/famramiba/.m2/repository/org/springframework/spring-aspects/3.2.6.RELEASE/spring-aspects-3.2.6.RELEASE.jar
-d
/home/famramiba/erik/coleadmin/repo/local/coleadmin/v_010/target/classes
/home/famramiba/erik/coleadmin/repo/local/coleadmin/v_010/src/main/java/com/raze/coleadmin/email/NotificationServiceImpl.java
/home/famramiba/erik/coleadmin/repo/local/coleadmin/v_010/src/main/java/com/raze/coleadmin/email/NotificationService.java
/home/famramiba/erik/coleadmin/repo/local/coleadmin/v_010/src/main/java/com/raze/coleadmin/domain/Asistencia_Roo_ToString.aj
/home/famramiba/erik/coleadmin/repo/local/coleadmin/v_010/src/main/java/com/raze/coleadmin/domain/Curso_Roo_JavaBean.aj
/home/famramiba/erik/coleadmin/repo/local/coleadmin/v_010/src/main/java/com/raze/coleadmin/domain/CicloEscolar_Roo_JavaBean.aj
/home/famramiba/erik/coleadmin/repo/local/coleadmin/v_010/src/main/java/com/raze/coleadmin/domain/Domicilio_Roo_JavaBean.aj
/home/famramiba/erik/coleadmin/repo/local/coleadmin/v_010/src/main/java/com/raze/coleadmin/domain/Personal_Roo_Jpa_Entity.aj
/home/famramiba/erik/coleadmin/repo/local/coleadmin/v_010/src/main/java/com/raze/coleadmin/domain/Domicilio_Roo_ToString.aj
/home/famramiba/erik/coleadmin/repo/local/coleadmin/v_010/src/main/java/com/raze/coleadmin/domain/Grupo_Roo_JavaBean.aj
/home/famramiba/erik/coleadmin/repo/local/coleadmin/v_010/src/main/java/com/raze/coleadmin/domain/Inscrpcion_Roo_Json.aj
/home/famramiba/erik/coleadmin/repo/local/coleadmin/v_010/src/main/java/com/raze/coleadmin/domain/Alumno_Roo_ToString.aj
/home/famramiba/erik/coleadmin/repo/local/coleadmin/v_010/src/main/java/com/raze/coleadmin/domain/Usuario.java
/home/famramiba/erik/coleadmin/repo/local/coleadmin/v_010/src/main/java/com/raze/coleadmin/domain/Personal_Roo_JavaBean.aj
/home/famramiba/erik/coleadmin/repo/local/coleadmin/v_010/src/main/java/com/raze/coleadmin/domain/Abono_Roo_Json.aj
/home/famramiba/erik/coleadmin/repo/local/coleadmin/v_010/src/main/java/com/raze/coleadmin/domain/ConceptoInscripcionCurso_Roo_Jpa_Entity.aj
/home/famramiba/erik/coleadmin/repo/local/coleadmin/v_010/src/main/java/com/raze/coleadmin/domain/ConceptoInscripcionCurso_Roo_JavaBean.aj
/home/famramiba/erik/coleadmin/repo/local/coleadmin/v_010/src/main/java/com/raze/coleadmin/domain/Abono_Roo_Jpa_Entity.aj
/home/famramiba/erik/coleadmin/repo/local/coleadmin/v_010/src/main/java/com/raze/coleadmin/domain/Asistencia_Roo_JavaBean.aj
/home/famramiba/erik/coleadmin/repo/local/coleadmin/v_010/src/main/java/com/raze/coleadmin/domain/Escuela.java
/home/famramiba/erik/coleadmin/repo/local/coleadmin/v_010/src/main/java/com/raze/coleadmin/domain/CicloEscolar_Roo_Json.aj
/home/famramiba/erik/coleadmin/repo/local/coleadmin/v_010/src/main/java/com/raze/coleadmin/domain/Inscrpcion_Roo_JavaBean.aj
/home/famramiba/erik/coleadmin/repo/local/coleadmin/v_010/src/main/java/com/raze/coleadmin/domain/Asistencia.java
/home/famramiba/erik/coleadmin/repo/local/coleadmin/v_010/src/main/java/com/raze/coleadmin/domain/Padre_Roo_Jpa_Entity.aj
/home/famramiba/erik/coleadmin/repo/local/coleadmin/v_010/src/main/java/com/raze/coleadmin/domain/Grupo_Roo_Json.aj
/home/famramiba/erik/coleadmin/repo/local/coleadmin/v_010/src/main/java/com/raze/coleadmin/domain/Grupo_Roo_Jpa_Entity.aj
/home/famramiba/erik/coleadmin/repo/local/coleadmin/v_010/src/main/java/com/raze/coleadmin/domain/Alumno_Roo_Jpa_Entity.aj
/home/famramiba/erik/coleadmin/repo/local/coleadmin/v_010/src/main/java/com/raze/coleadmin/domain/Cargo.java
/home/famramiba/erik/coleadmin/repo/local/coleadmin/v_010/src/main/java/com/raze/coleadmin/domain/Escuela_Roo_JavaBean.aj
/home/famramiba/erik/coleadmin/repo/local/coleadmin/v_010/src/main/java/com/raze/coleadmin/domain/Usuario_Roo_Json.aj
/home/famramiba/erik/coleadmin/repo/local/coleadmin/v_010/src/main/java/com/raze/coleadmin/domain/Abono_Roo_ToString.aj
/home/famramiba/erik/coleadmin/repo/local/coleadmin/v_010/src/main/java/com/raze/coleadmin/domain/Curso_Roo_Jpa_Entity.aj
/home/famramiba/erik/coleadmin/repo/local/coleadmin/v_010/src/main/java/com/raze/coleadmin/domain/Cargo_Roo_JavaBean.aj
/home/famramiba/erik/coleadmin/repo/local/coleadmin/v_010/src/main/java/com/raze/coleadmin/domain/Usuario_Roo_Jpa_Entity.aj
/home/famramiba/erik/coleadmin/repo/local/coleadmin/v_010/src/main/java/com/raze/coleadmin/domain/Inscrpcion.java
/home/famramiba/erik/coleadmin/repo/local/coleadmin/v_010/src/main/java/com/raze/coleadmin/domain/Escuela_Roo_ToString.aj
/home/famramiba/erik/coleadmin/repo/local/coleadmin/v_010/src/main/java/com/raze/coleadmin/domain/CicloEscolar.java
/home/famramiba/erik/coleadmin/repo/local/coleadmin/v_010/src/main/java/com/raze/coleadmin/domain/Usuario_Roo_ToString.aj
/home/famramiba/erik/coleadmin/repo/local/coleadmin/v_010/src/main/java/com/raze/coleadmin/domain/Padre.java
/home/famramiba/erik/coleadmin/repo/local/coleadmin/v_010/src/main/java/com/raze/coleadmin/domain/Usuario_Roo_Jpa_ActiveRecord.aj
/home/famramiba/erik/coleadmin/repo/local/coleadmin/v_010/src/main/java/com/raze/coleadmin/domain/Asistencia_Roo_Json.aj
/home/famramiba/erik/coleadmin/repo/local/coleadmin/v_010/src/main/java/com/raze/coleadmin/domain/Salon_Roo_ToString.aj
/home/famramiba/erik/coleadmin/repo/local/coleadmin/v_010/src/main/java/com/raze/coleadmin/domain/CicloEscolar_Roo_ToString.aj
/home/famramiba/erik/coleadmin/repo/local/coleadmin/v_010/src/main/java/com/raze/coleadmin/domain/Personal_Roo_ToString.aj
/home/famramiba/erik/coleadmin/repo/local/coleadmin/v_010/src/main/java/com/raze/coleadmin/domain/ConceptoInscripcionCurso_Roo_Json.aj
/home/famramiba/erik/coleadmin/repo/local/coleadmin/v_010/src/main/java/com/raze/coleadmin/domain/Usuario_Roo_JavaBean.aj
/home/famramiba/erik/coleadmin/repo/local/coleadmin/v_010/src/main/java/com/raze/coleadmin/domain/Escuela_Roo_Json.aj
/home/famramiba/erik/coleadmin/repo/local/coleadmin/v_010/src/main/java/com/raze/coleadmin/domain/Alumno_Roo_JavaBean.aj
/home/famramiba/erik/coleadmin/repo/local/coleadmin/v_010/src/main/java/com/raze/coleadmin/domain/ConceptoInscripcionCurso.java
/home/famramiba/erik/coleadmin/repo/local/coleadmin/v_010/src/main/java/com/raze/coleadmin/domain/Grupo_Roo_ToString.aj
/home/famramiba/erik/coleadmin/repo/local/coleadmin/v_010/src/main/java/com/raze/coleadmin/domain/Curso_Roo_Json.aj
/home/famramiba/erik/coleadmin/repo/local/coleadmin/v_010/src/main/java/com/raze/coleadmin/domain/Asistencia_Roo_Jpa_Entity.aj
/home/famramiba/erik/coleadmin/repo/local/coleadmin/v_010/src/main/java/com/raze/coleadmin/domain/Abono_Roo_JavaBean.aj
/home/famramiba/erik/coleadmin/repo/local/coleadmin/v_010/src/main/java/com/raze/coleadmin/domain/Alumno.java
/home/famramiba/erik/coleadmin/repo/local/coleadmin/v_010/src/main/java/com/raze/coleadmin/domain/Alumno_Roo_Json.aj
/home/famramiba/erik/coleadmin/repo/local/coleadmin/v_010/src/main/java/com/raze/coleadmin/domain/Inscrpcion_Roo_Jpa_Entity.aj
/home/famramiba/erik/coleadmin/repo/local/coleadmin/v_010/src/main/java/com/raze/coleadmin/domain/Curso_Roo_ToString.aj
/home/famramiba/erik/coleadmin/repo/local/coleadmin/v_010/src/main/java/com/raze/coleadmin/domain/Domicilio_Roo_Json.aj
/home/famramiba/erik/coleadmin/repo/local/coleadmin/v_010/src/main/java/com/raze/coleadmin/domain/Domicilio_Roo_Jpa_Entity.aj
/home/famramiba/erik/coleadmin/repo/local/coleadmin/v_010/src/main/java/com/raze/coleadmin/domain/Usuario_Roo_Configurable.aj
/home/famramiba/erik/coleadmin/repo/local/coleadmin/v_010/src/main/java/com/raze/coleadmin/domain/Escuela_Roo_Jpa_Entity.aj
/home/famramiba/erik/coleadmin/repo/local/coleadmin/v_010/src/main/java/com/raze/coleadmin/domain/Personal.java
/home/famramiba/erik/coleadmin/repo/local/coleadmin/v_010/src/main/java/com/raze/coleadmin/domain/Grupo.java
/home/famramiba/erik/coleadmin/repo/local/coleadmin/v_010/src/main/java/com/raze/coleadmin/domain/Salon_Roo_JavaBean.aj
/home/famramiba/erik/coleadmin/repo/local/coleadmin/v_010/src/main/java/com/raze/coleadmin/domain/Padre_Roo_JavaBean.aj
/home/famramiba/erik/coleadmin/repo/local/coleadmin/v_010/src/main/java/com/raze/coleadmin/domain/Padre_Roo_ToString.aj
/home/famramiba/erik/coleadmin/repo/local/coleadmin/v_010/src/main/java/com/raze/coleadmin/domain/Inscrpcion_Roo_ToString.aj
/home/famramiba/erik/coleadmin/repo/local/coleadmin/v_010/src/main/java/com/raze/coleadmin/domain/Abono.java
/home/famramiba/erik/coleadmin/repo/local/coleadmin/v_010/src/main/java/com/raze/coleadmin/domain/Salon.java
/home/famramiba/erik/coleadmin/repo/local/coleadmin/v_010/src/main/java/com/raze/coleadmin/domain/Padre_Roo_Json.aj
/home/famramiba/erik/coleadmin/repo/local/coleadmin/v_010/src/main/java/com/raze/coleadmin/domain/ConceptoInscripcionCurso_Roo_ToString.aj
/home/famramiba/erik/coleadmin/repo/local/coleadmin/v_010/src/main/java/com/raze/coleadmin/domain/Personal_Roo_Json.aj
/home/famramiba/erik/coleadmin/repo/local/coleadmin/v_010/src/main/java/com/raze/coleadmin/domain/Cargo_Roo_Json.aj
/home/famramiba/erik/coleadmin/repo/local/coleadmin/v_010/src/main/java/com/raze/coleadmin/domain/Cargo_Roo_ToString.aj
/home/famramiba/erik/coleadmin/repo/local/coleadmin/v_010/src/main/java/com/raze/coleadmin/domain/Cargo_Roo_Jpa_Entity.aj
/home/famramiba/erik/coleadmin/repo/local/coleadmin/v_010/src/main/java/com/raze/coleadmin/domain/Salon_Roo_Json.aj
/home/famramiba/erik/coleadmin/repo/local/coleadmin/v_010/src/main/java/com/raze/coleadmin/domain/CicloEscolar_Roo_Jpa_Entity.aj
/home/famramiba/erik/coleadmin/repo/local/coleadmin/v_010/src/main/java/com/raze/coleadmin/domain/Salon_Roo_Jpa_Entity.aj
/home/famramiba/erik/coleadmin/repo/local/coleadmin/v_010/src/main/java/com/raze/coleadmin/domain/Curso.java
/home/famramiba/erik/coleadmin/repo/local/coleadmin/v_010/src/main/java/com/raze/coleadmin/domain/Domicilio.java
/home/famramiba/erik/coleadmin/repo/local/coleadmin/v_010/src/main/java/com/raze/coleadmin/repository/EstatusCargoRepository.java
/home/famramiba/erik/coleadmin/repo/local/coleadmin/v_010/src/main/java/com/raze/coleadmin/repository/UsuarioRepository_Roo_Jpa_Repository.aj
/home/famramiba/erik/coleadmin/repo/local/coleadmin/v_010/src/main/java/com/raze/coleadmin/repository/PermisoRepository.java
/home/famramiba/erik/coleadmin/repo/local/coleadmin/v_010/src/main/java/com/raze/coleadmin/repository/CategoriaRepository.java
/home/famramiba/erik/coleadmin/repo/local/coleadmin/v_010/src/main/java/com/raze/coleadmin/repository/InscrpcionRepository_Roo_Jpa_Repository.aj
/home/famramiba/erik/coleadmin/repo/local/coleadmin/v_010/src/main/java/com/raze/coleadmin/repository/DomicilioRepository_Roo_Jpa_Repository.aj
/home/famramiba/erik/coleadmin/repo/local/coleadmin/v_010/src/main/java/com/raze/coleadmin/repository/EscuelaRepository_Roo_Jpa_Repository.aj
/home/famramiba/erik/coleadmin/repo/local/coleadmin/v_010/src/main/java/com/raze/coleadmin/repository/MetodoPagoRepository.java
/home/famramiba/erik/coleadmin/repo/local/coleadmin/v_010/src/main/java/com/raze/coleadmin/repository/NivelEducativoRepository_Roo_Jpa_Repository.aj
/home/famramiba/erik/coleadmin/repo/local/coleadmin/v_010/src/main/java/com/raze/coleadmin/repository/InscrpcionRepository.java
/home/famramiba/erik/coleadmin/repo/local/coleadmin/v_010/src/main/java/com/raze/coleadmin/repository/SalonRepository_Roo_Jpa_Repository.aj
/home/famramiba/erik/coleadmin/repo/local/coleadmin/v_010/src/main/java/com/raze/coleadmin/repository/TipoNivelEducativoRepository.java
/home/famramiba/erik/coleadmin/repo/local/coleadmin/v_010/src/main/java/com/raze/coleadmin/repository/PersonalRepository_Roo_Jpa_Repository.aj
/home/famramiba/erik/coleadmin/repo/local/coleadmin/v_010/src/main/java/com/raze/coleadmin/repository/CorreoNotificacionesRepository.java
/home/famramiba/erik/coleadmin/repo/local/coleadmin/v_010/src/main/java/com/raze/coleadmin/repository/GrupoRepository_Roo_Jpa_Repository.aj
/home/famramiba/erik/coleadmin/repo/local/coleadmin/v_010/src/main/java/com/raze/coleadmin/repository/PadreRepository_Roo_Jpa_Repository.aj
/home/famramiba/erik/coleadmin/repo/local/coleadmin/v_010/src/main/java/com/raze/coleadmin/repository/PersonalRepository.java
/home/famramiba/erik/coleadmin/repo/local/coleadmin/v_010/src/main/java/com/raze/coleadmin/repository/GrupoRepository.java
/home/famramiba/erik/coleadmin/repo/local/coleadmin/v_010/src/main/java/com/raze/coleadmin/repository/TipoAsistenciaRepository.java
/home/famramiba/erik/coleadmin/repo/local/coleadmin/v_010/src/main/java/com/raze/coleadmin/repository/CargoRepository.java
/home/famramiba/erik/coleadmin/repo/local/coleadmin/v_010/src/main/java/com/raze/coleadmin/repository/TipoAsistenciaRepository_Roo_Jpa_Repository.aj
/home/famramiba/erik/coleadmin/repo/local/coleadmin/v_010/src/main/java/com/raze/coleadmin/repository/AsistenciaRepository_Roo_Jpa_Repository.aj
/home/famramiba/erik/coleadmin/repo/local/coleadmin/v_010/src/main/java/com/raze/coleadmin/repository/SalonRepository.java
/home/famramiba/erik/coleadmin/repo/local/coleadmin/v_010/src/main/java/com/raze/coleadmin/repository/CorreoNotificacionesRepository_Roo_Jpa_Repository.aj
/home/famramiba/erik/coleadmin/repo/local/coleadmin/v_010/src/main/java/com/raze/coleadmin/repository/RolRepository_Roo_Jpa_Repository.aj
/home/famramiba/erik/coleadmin/repo/local/coleadmin/v_010/src/main/java/com/raze/coleadmin/repository/CicloEscolarRepository_Roo_Jpa_Repository.aj
/home/famramiba/erik/coleadmin/repo/local/coleadmin/v_010/src/main/java/com/raze/coleadmin/repository/PadreRepository.java
/home/famramiba/erik/coleadmin/repo/local/coleadmin/v_010/src/main/java/com/raze/coleadmin/repository/CargoRepository_Roo_Jpa_Repository.aj
/home/famramiba/erik/coleadmin/repo/local/coleadmin/v_010/src/main/java/com/raze/coleadmin/repository/CursoRepository.java
/home/famramiba/erik/coleadmin/repo/local/coleadmin/v_010/src/main/java/com/raze/coleadmin/repository/EstatusInscripcionRepository.java
/home/famramiba/erik/coleadmin/repo/local/coleadmin/v_010/src/main/java/com/raze/coleadmin/repository/AsistenciaRepository.java
/home/famramiba/erik/coleadmin/repo/local/coleadmin/v_010/src/main/java/com/raze/coleadmin/repository/RolRepository.java
/home/famramiba/erik/coleadmin/repo/local/coleadmin/v_010/src/main/java/com/raze/coleadmin/repository/EstatusCargoRepository_Roo_Jpa_Repository.aj
/home/famramiba/erik/coleadmin/repo/local/coleadmin/v_010/src/main/java/com/raze/coleadmin/repository/AbonoRepository_Roo_Jpa_Repository.aj
/home/famramiba/erik/coleadmin/repo/local/coleadmin/v_010/src/main/java/com/raze/coleadmin/repository/AbonoRepository.java
/home/famramiba/erik/coleadmin/repo/local/coleadmin/v_010/src/main/java/com/raze/coleadmin/repository/EstatusInscripcionRepository_Roo_Jpa_Repository.aj
/home/famramiba/erik/coleadmin/repo/local/coleadmin/v_010/src/main/java/com/raze/coleadmin/repository/EscuelaRepository.java
/home/famramiba/erik/coleadmin/repo/local/coleadmin/v_010/src/main/java/com/raze/coleadmin/repository/NivelEducativoRepository.java
/home/famramiba/erik/coleadmin/repo/local/coleadmin/v_010/src/main/java/com/raze/coleadmin/repository/DomicilioRepository.java
/home/famramiba/erik/coleadmin/repo/local/coleadmin/v_010/src/main/java/com/raze/coleadmin/repository/ContactoRepository.java
/home/famramiba/erik/coleadmin/repo/local/coleadmin/v_010/src/main/java/com/raze/coleadmin/repository/ConceptoInscripcionCursoRepository_Roo_Jpa_Repository.aj
/home/famramiba/erik/coleadmin/repo/local/coleadmin/v_010/src/main/java/com/raze/coleadmin/repository/ConceptoRepository_Roo_Jpa_Repository.aj
/home/famramiba/erik/coleadmin/repo/local/coleadmin/v_010/src/main/java/com/raze/coleadmin/repository/UsuarioRepository.java
/home/famramiba/erik/coleadmin/repo/local/coleadmin/v_010/src/main/java/com/raze/coleadmin/repository/ConceptoRepository.java
/home/famramiba/erik/coleadmin/repo/local/coleadmin/v_010/src/main/java/com/raze/coleadmin/repository/TipoNivelEducativoRepository_Roo_Jpa_Repository.aj
/home/famramiba/erik/coleadmin/repo/local/coleadmin/v_010/src/main/java/com/raze/coleadmin/repository/CursoRepository_Roo_Jpa_Repository.aj
/home/famramiba/erik/coleadmin/repo/local/coleadmin/v_010/src/main/java/com/raze/coleadmin/repository/CicloEscolarRepository.java
/home/famramiba/erik/coleadmin/repo/local/coleadmin/v_010/src/main/java/com/raze/coleadmin/repository/ConceptoInscripcionCursoRepository.java
/home/famramiba/erik/coleadmin/repo/local/coleadmin/v_010/src/main/java/com/raze/coleadmin/repository/CategoriaRepository_Roo_Jpa_Repository.aj
/home/famramiba/erik/coleadmin/repo/local/coleadmin/v_010/src/main/java/com/raze/coleadmin/repository/AlumnoRepository_Roo_Jpa_Repository.aj
/home/famramiba/erik/coleadmin/repo/local/coleadmin/v_010/src/main/java/com/raze/coleadmin/repository/AlumnoRepository.java
/home/famramiba/erik/coleadmin/repo/local/coleadmin/v_010/src/main/java/com/raze/coleadmin/repository/MetodoPagoRepository_Roo_Jpa_Repository.aj
/home/famramiba/erik/coleadmin/repo/local/coleadmin/v_010/src/main/java/com/raze/coleadmin/repository/PermisoRepository_Roo_Jpa_Repository.aj
/home/famramiba/erik/coleadmin/repo/local/coleadmin/v_010/src/main/java/com/raze/coleadmin/repository/ContactoRepository_Roo_Jpa_Repository.aj
/home/famramiba/erik/coleadmin/repo/local/coleadmin/v_010/src/main/java/com/raze/coleadmin/catalog/CorreoNotificaciones.java
/home/famramiba/erik/coleadmin/repo/local/coleadmin/v_010/src/main/java/com/raze/coleadmin/catalog/Concepto_Roo_Jpa_Entity.aj
/home/famramiba/erik/coleadmin/repo/local/coleadmin/v_010/src/main/java/com/raze/coleadmin/catalog/TipoAsistencia_Roo_Json.aj
/home/famramiba/erik/coleadmin/repo/local/coleadmin/v_010/src/main/java/com/raze/coleadmin/catalog/TipoNivelEducativo_Roo_Json.aj
/home/famramiba/erik/coleadmin/repo/local/coleadmin/v_010/src/main/java/com/raze/coleadmin/catalog/TipoAsistencia_Roo_JavaBean.aj
/home/famramiba/erik/coleadmin/repo/local/coleadmin/v_010/src/main/java/com/raze/coleadmin/catalog/Categoria.java
/home/famramiba/erik/coleadmin/repo/local/coleadmin/v_010/src/main/java/com/raze/coleadmin/catalog/TipoAsistencia.java
/home/famramiba/erik/coleadmin/repo/local/coleadmin/v_010/src/main/java/com/raze/coleadmin/catalog/Categoria_Roo_ToString.aj
/home/famramiba/erik/coleadmin/repo/local/coleadmin/v_010/src/main/java/com/raze/coleadmin/catalog/Concepto_Roo_JavaBean.aj
/home/famramiba/erik/coleadmin/repo/local/coleadmin/v_010/src/main/java/com/raze/coleadmin/catalog/EstatusInscripcion_Roo_Json.aj
/home/famramiba/erik/coleadmin/repo/local/coleadmin/v_010/src/main/java/com/raze/coleadmin/catalog/Concepto_Roo_Json.aj
/home/famramiba/erik/coleadmin/repo/local/coleadmin/v_010/src/main/java/com/raze/coleadmin/catalog/EstatusInscripcion_Roo_Jpa_Entity.aj
/home/famramiba/erik/coleadmin/repo/local/coleadmin/v_010/src/main/java/com/raze/coleadmin/catalog/Concepto.java
/home/famramiba/erik/coleadmin/repo/local/coleadmin/v_010/src/main/java/com/raze/coleadmin/catalog/Permiso_Roo_Json.aj
/home/famramiba/erik/coleadmin/repo/local/coleadmin/v_010/src/main/java/com/raze/coleadmin/catalog/EstatusCargo_Roo_Json.aj
/home/famramiba/erik/coleadmin/repo/local/coleadmin/v_010/src/main/java/com/raze/coleadmin/catalog/Permiso_Roo_JavaBean.aj
/home/famramiba/erik/coleadmin/repo/local/coleadmin/v_010/src/main/java/com/raze/coleadmin/catalog/NivelEducativo_Roo_Jpa_Entity.aj
/home/famramiba/erik/coleadmin/repo/local/coleadmin/v_010/src/main/java/com/raze/coleadmin/catalog/MetodoPago_Roo_JavaBean.aj
/home/famramiba/erik/coleadmin/repo/local/coleadmin/v_010/src/main/java/com/raze/coleadmin/catalog/Categoria_Roo_Jpa_Entity.aj
/home/famramiba/erik/coleadmin/repo/local/coleadmin/v_010/src/main/java/com/raze/coleadmin/catalog/MetodoPago_Roo_ToString.aj
/home/famramiba/erik/coleadmin/repo/local/coleadmin/v_010/src/main/java/com/raze/coleadmin/catalog/Contacto_Roo_Jpa_Entity.aj
/home/famramiba/erik/coleadmin/repo/local/coleadmin/v_010/src/main/java/com/raze/coleadmin/catalog/MetodoPago_Roo_Jpa_Entity.aj
/home/famramiba/erik/coleadmin/repo/local/coleadmin/v_010/src/main/java/com/raze/coleadmin/catalog/TipoAsistencia_Roo_ToString.aj
/home/famramiba/erik/coleadmin/repo/local/coleadmin/v_010/src/main/java/com/raze/coleadmin/catalog/Contacto_Roo_JavaBean.aj
/home/famramiba/erik/coleadmin/repo/local/coleadmin/v_010/src/main/java/com/raze/coleadmin/catalog/Contacto_Roo_Json.aj
/home/famramiba/erik/coleadmin/repo/local/coleadmin/v_010/src/main/java/com/raze/coleadmin/catalog/EstatusInscripcion_Roo_ToString.aj
/home/famramiba/erik/coleadmin/repo/local/coleadmin/v_010/src/main/java/com/raze/coleadmin/catalog/Rol_Roo_JavaBean.aj
/home/famramiba/erik/coleadmin/repo/local/coleadmin/v_010/src/main/java/com/raze/coleadmin/catalog/CorreoNotificaciones_Roo_ToString.aj
/home/famramiba/erik/coleadmin/repo/local/coleadmin/v_010/src/main/java/com/raze/coleadmin/catalog/TipoNivelEducativo_Roo_ToString.aj
/home/famramiba/erik/coleadmin/repo/local/coleadmin/v_010/src/main/java/com/raze/coleadmin/catalog/CorreoNotificaciones_Roo_Json.aj
/home/famramiba/erik/coleadmin/repo/local/coleadmin/v_010/src/main/java/com/raze/coleadmin/catalog/CorreoNotificaciones_Roo_Jpa_Entity.aj
/home/famramiba/erik/coleadmin/repo/local/coleadmin/v_010/src/main/java/com/raze/coleadmin/catalog/Rol_Roo_Json.aj
/home/famramiba/erik/coleadmin/repo/local/coleadmin/v_010/src/main/java/com/raze/coleadmin/catalog/TipoAsistencia_Roo_Jpa_Entity.aj
/home/famramiba/erik/coleadmin/repo/local/coleadmin/v_010/src/main/java/com/raze/coleadmin/catalog/TipoNivelEducativo_Roo_JavaBean.aj
/home/famramiba/erik/coleadmin/repo/local/coleadmin/v_010/src/main/java/com/raze/coleadmin/catalog/Contacto_Roo_ToString.aj
/home/famramiba/erik/coleadmin/repo/local/coleadmin/v_010/src/main/java/com/raze/coleadmin/catalog/Permiso_Roo_ToString.aj
/home/famramiba/erik/coleadmin/repo/local/coleadmin/v_010/src/main/java/com/raze/coleadmin/catalog/EstatusInscripcion.java
/home/famramiba/erik/coleadmin/repo/local/coleadmin/v_010/src/main/java/com/raze/coleadmin/catalog/Concepto_Roo_ToString.aj
/home/famramiba/erik/coleadmin/repo/local/coleadmin/v_010/src/main/java/com/raze/coleadmin/catalog/NivelEducativo_Roo_JavaBean.aj
/home/famramiba/erik/coleadmin/repo/local/coleadmin/v_010/src/main/java/com/raze/coleadmin/catalog/EstatusCargo_Roo_ToString.aj
/home/famramiba/erik/coleadmin/repo/local/coleadmin/v_010/src/main/java/com/raze/coleadmin/catalog/Categoria_Roo_Json.aj
/home/famramiba/erik/coleadmin/repo/local/coleadmin/v_010/src/main/java/com/raze/coleadmin/catalog/TipoNivelEducativo.java
/home/famramiba/erik/coleadmin/repo/local/coleadmin/v_010/src/main/java/com/raze/coleadmin/catalog/Rol.java
/home/famramiba/erik/coleadmin/repo/local/coleadmin/v_010/src/main/java/com/raze/coleadmin/catalog/MetodoPago.java
/home/famramiba/erik/coleadmin/repo/local/coleadmin/v_010/src/main/java/com/raze/coleadmin/catalog/NivelEducativo.java
/home/famramiba/erik/coleadmin/repo/local/coleadmin/v_010/src/main/java/com/raze/coleadmin/catalog/Permiso.java
/home/famramiba/erik/coleadmin/repo/local/coleadmin/v_010/src/main/java/com/raze/coleadmin/catalog/Categoria_Roo_JavaBean.aj
/home/famramiba/erik/coleadmin/repo/local/coleadmin/v_010/src/main/java/com/raze/coleadmin/catalog/TipoNivelEducativo_Roo_Jpa_Entity.aj
/home/famramiba/erik/coleadmin/repo/local/coleadmin/v_010/src/main/java/com/raze/coleadmin/catalog/Permiso_Roo_Jpa_Entity.aj
/home/famramiba/erik/coleadmin/repo/local/coleadmin/v_010/src/main/java/com/raze/coleadmin/catalog/EstatusCargo_Roo_Jpa_Entity.aj
/home/famramiba/erik/coleadmin/repo/local/coleadmin/v_010/src/main/java/com/raze/coleadmin/catalog/NivelEducativo_Roo_ToString.aj
/home/famramiba/erik/coleadmin/repo/local/coleadmin/v_010/src/main/java/com/raze/coleadmin/catalog/EstatusInscripcion_Roo_JavaBean.aj
/home/famramiba/erik/coleadmin/repo/local/coleadmin/v_010/src/main/java/com/raze/coleadmin/catalog/CorreoNotificaciones_Roo_JavaBean.aj
/home/famramiba/erik/coleadmin/repo/local/coleadmin/v_010/src/main/java/com/raze/coleadmin/catalog/Contacto.java
/home/famramiba/erik/coleadmin/repo/local/coleadmin/v_010/src/main/java/com/raze/coleadmin/catalog/MetodoPago_Roo_Json.aj
/home/famramiba/erik/coleadmin/repo/local/coleadmin/v_010/src/main/java/com/raze/coleadmin/catalog/Rol_Roo_ToString.aj
/home/famramiba/erik/coleadmin/repo/local/coleadmin/v_010/src/main/java/com/raze/coleadmin/catalog/Rol_Roo_Jpa_Entity.aj
/home/famramiba/erik/coleadmin/repo/local/coleadmin/v_010/src/main/java/com/raze/coleadmin/catalog/EstatusCargo_Roo_JavaBean.aj
/home/famramiba/erik/coleadmin/repo/local/coleadmin/v_010/src/main/java/com/raze/coleadmin/catalog/NivelEducativo_Roo_Json.aj
/home/famramiba/erik/coleadmin/repo/local/coleadmin/v_010/src/main/java/com/raze/coleadmin/catalog/EstatusCargo.java
/home/famramiba/erik/coleadmin/repo/local/coleadmin/v_010/src/main/java/com/raze/coleadmin/controller/AlumnoController_Roo_Controller_Json.aj
/home/famramiba/erik/coleadmin/repo/local/coleadmin/v_010/src/main/java/com/raze/coleadmin/controller/RolController.java
/home/famramiba/erik/coleadmin/repo/local/coleadmin/v_010/src/main/java/com/raze/coleadmin/controller/ContactoController_Roo_Controller.aj
/home/famramiba/erik/coleadmin/repo/local/coleadmin/v_010/src/main/java/com/raze/coleadmin/controller/AbonoController_Roo_Controller_Json.aj
/home/famramiba/erik/coleadmin/repo/local/coleadmin/v_010/src/main/java/com/raze/coleadmin/controller/EstatusInscripcionController_Roo_Controller_Json.aj
/home/famramiba/erik/coleadmin/repo/local/coleadmin/v_010/src/main/java/com/raze/coleadmin/controller/InscrpcionController_Roo_Controller_Json.aj
/home/famramiba/erik/coleadmin/repo/local/coleadmin/v_010/src/main/java/com/raze/coleadmin/controller/DomicilioController.java
/home/famramiba/erik/coleadmin/repo/local/coleadmin/v_010/src/main/java/com/raze/coleadmin/controller/CursoController_Roo_Controller_Json.aj
/home/famramiba/erik/coleadmin/repo/local/coleadmin/v_010/src/main/java/com/raze/coleadmin/controller/RolController_Roo_Controller_Json.aj
/home/famramiba/erik/coleadmin/repo/local/coleadmin/v_010/src/main/java/com/raze/coleadmin/controller/CursoController.java
/home/famramiba/erik/coleadmin/repo/local/coleadmin/v_010/src/main/java/com/raze/coleadmin/controller/CicloEscolarController.java
/home/famramiba/erik/coleadmin/repo/local/coleadmin/v_010/src/main/java/com/raze/coleadmin/controller/TipoAsistenciaController_Roo_Controller.aj
/home/famramiba/erik/coleadmin/repo/local/coleadmin/v_010/src/main/java/com/raze/coleadmin/controller/GrupoController.java
/home/famramiba/erik/coleadmin/repo/local/coleadmin/v_010/src/main/java/com/raze/coleadmin/controller/PadreController_Roo_Controller.aj
/home/famramiba/erik/coleadmin/repo/local/coleadmin/v_010/src/main/java/com/raze/coleadmin/controller/EscuelaController_Roo_Controller.aj
/home/famramiba/erik/coleadmin/repo/local/coleadmin/v_010/src/main/java/com/raze/coleadmin/controller/CategoriaController_Roo_Controller_Json.aj
/home/famramiba/erik/coleadmin/repo/local/coleadmin/v_010/src/main/java/com/raze/coleadmin/controller/CargoController.java
/home/famramiba/erik/coleadmin/repo/local/coleadmin/v_010/src/main/java/com/raze/coleadmin/controller/EstatusCargoController_Roo_Controller_Json.aj
/home/famramiba/erik/coleadmin/repo/local/coleadmin/v_010/src/main/java/com/raze/coleadmin/controller/SalonController_Roo_Controller_Json.aj
/home/famramiba/erik/coleadmin/repo/local/coleadmin/v_010/src/main/java/com/raze/coleadmin/controller/CorreoNotificacionesController_Roo_Controller.aj
/home/famramiba/erik/coleadmin/repo/local/coleadmin/v_010/src/main/java/com/raze/coleadmin/controller/RolController_Roo_Controller.aj
/home/famramiba/erik/coleadmin/repo/local/coleadmin/v_010/src/main/java/com/raze/coleadmin/controller/CicloEscolarController_Roo_Controller_Json.aj
/home/famramiba/erik/coleadmin/repo/local/coleadmin/v_010/src/main/java/com/raze/coleadmin/controller/MetodoPagoController_Roo_Controller_Json.aj
/home/famramiba/erik/coleadmin/repo/local/coleadmin/v_010/src/main/java/com/raze/coleadmin/controller/PersonalController_Roo_Controller_Json.aj
/home/famramiba/erik/coleadmin/repo/local/coleadmin/v_010/src/main/java/com/raze/coleadmin/controller/EscuelaController_Roo_Controller_Json.aj
/home/famramiba/erik/coleadmin/repo/local/coleadmin/v_010/src/main/java/com/raze/coleadmin/controller/PermisoController.java
/home/famramiba/erik/coleadmin/repo/local/coleadmin/v_010/src/main/java/com/raze/coleadmin/controller/DomicilioController_Roo_Controller_Json.aj
/home/famramiba/erik/coleadmin/repo/local/coleadmin/v_010/src/main/java/com/raze/coleadmin/controller/PersonalController_Roo_Controller.aj
/home/famramiba/erik/coleadmin/repo/local/coleadmin/v_010/src/main/java/com/raze/coleadmin/controller/ContactoController.java
/home/famramiba/erik/coleadmin/repo/local/coleadmin/v_010/src/main/java/com/raze/coleadmin/controller/SalonController_Roo_Controller.aj
/home/famramiba/erik/coleadmin/repo/local/coleadmin/v_010/src/main/java/com/raze/coleadmin/controller/PermisoController_Roo_Controller_Json.aj
/home/famramiba/erik/coleadmin/repo/local/coleadmin/v_010/src/main/java/com/raze/coleadmin/controller/GrupoController_Roo_Controller_Json.aj
/home/famramiba/erik/coleadmin/repo/local/coleadmin/v_010/src/main/java/com/raze/coleadmin/controller/AsistenciaController_Roo_Controller.aj
/home/famramiba/erik/coleadmin/repo/local/coleadmin/v_010/src/main/java/com/raze/coleadmin/controller/AbonoController.java
/home/famramiba/erik/coleadmin/repo/local/coleadmin/v_010/src/main/java/com/raze/coleadmin/controller/EstatusInscripcionController_Roo_Controller.aj
/home/famramiba/erik/coleadmin/repo/local/coleadmin/v_010/src/main/java/com/raze/coleadmin/controller/PadreController_Roo_Controller_Json.aj
/home/famramiba/erik/coleadmin/repo/local/coleadmin/v_010/src/main/java/com/raze/coleadmin/controller/ContactoController_Roo_Controller_Json.aj
/home/famramiba/erik/coleadmin/repo/local/coleadmin/v_010/src/main/java/com/raze/coleadmin/controller/GrupoController_Roo_Controller.aj
/home/famramiba/erik/coleadmin/repo/local/coleadmin/v_010/src/main/java/com/raze/coleadmin/controller/AbonoController_Roo_Controller.aj
/home/famramiba/erik/coleadmin/repo/local/coleadmin/v_010/src/main/java/com/raze/coleadmin/controller/CategoriaController_Roo_Controller.aj
/home/famramiba/erik/coleadmin/repo/local/coleadmin/v_010/src/main/java/com/raze/coleadmin/controller/MetodoPagoController.java
/home/famramiba/erik/coleadmin/repo/local/coleadmin/v_010/src/main/java/com/raze/coleadmin/controller/NivelEducativoController.java
/home/famramiba/erik/coleadmin/repo/local/coleadmin/v_010/src/main/java/com/raze/coleadmin/controller/ConceptoInscripcionCursoController_Roo_Controller.aj
/home/famramiba/erik/coleadmin/repo/local/coleadmin/v_010/src/main/java/com/raze/coleadmin/controller/TipoAsistenciaController_Roo_Controller_Json.aj
/home/famramiba/erik/coleadmin/repo/local/coleadmin/v_010/src/main/java/com/raze/coleadmin/controller/CargoController_Roo_Controller.aj
/home/famramiba/erik/coleadmin/repo/local/coleadmin/v_010/src/main/java/com/raze/coleadmin/controller/CicloEscolarController_Roo_Controller.aj
/home/famramiba/erik/coleadmin/repo/local/coleadmin/v_010/src/main/java/com/raze/coleadmin/controller/CursoController_Roo_Controller.aj
/home/famramiba/erik/coleadmin/repo/local/coleadmin/v_010/src/main/java/com/raze/coleadmin/controller/PadreController.java
/home/famramiba/erik/coleadmin/repo/local/coleadmin/v_010/src/main/java/com/raze/coleadmin/controller/NivelEducativoController_Roo_Controller_Json.aj
/home/famramiba/erik/coleadmin/repo/local/coleadmin/v_010/src/main/java/com/raze/coleadmin/controller/ConceptoController_Roo_Controller_Json.aj
/home/famramiba/erik/coleadmin/repo/local/coleadmin/v_010/src/main/java/com/raze/coleadmin/controller/TipoNivelEducativoController.java
/home/famramiba/erik/coleadmin/repo/local/coleadmin/v_010/src/main/java/com/raze/coleadmin/controller/EstatusCargoController.java
/home/famramiba/erik/coleadmin/repo/local/coleadmin/v_010/src/main/java/com/raze/coleadmin/controller/TipoNivelEducativoController_Roo_Controller.aj
/home/famramiba/erik/coleadmin/repo/local/coleadmin/v_010/src/main/java/com/raze/coleadmin/controller/CargoController_Roo_Controller_Json.aj
/home/famramiba/erik/coleadmin/repo/local/coleadmin/v_010/src/main/java/com/raze/coleadmin/controller/ConceptoInscripcionCursoController_Roo_Controller_Json.aj
/home/famramiba/erik/coleadmin/repo/local/coleadmin/v_010/src/main/java/com/raze/coleadmin/controller/ConceptoInscripcionCursoController.java
/home/famramiba/erik/coleadmin/repo/local/coleadmin/v_010/src/main/java/com/raze/coleadmin/controller/PersonalController.java
/home/famramiba/erik/coleadmin/repo/local/coleadmin/v_010/src/main/java/com/raze/coleadmin/controller/DomicilioController_Roo_Controller.aj
/home/famramiba/erik/coleadmin/repo/local/coleadmin/v_010/src/main/java/com/raze/coleadmin/controller/AsistenciaController_Roo_Controller_Json.aj
/home/famramiba/erik/coleadmin/repo/local/coleadmin/v_010/src/main/java/com/raze/coleadmin/controller/CorreoNotificacionesController.java
/home/famramiba/erik/coleadmin/repo/local/coleadmin/v_010/src/main/java/com/raze/coleadmin/controller/MetodoPagoController_Roo_Controller.aj
/home/famramiba/erik/coleadmin/repo/local/coleadmin/v_010/src/main/java/com/raze/coleadmin/controller/EstatusInscripcionController.java
/home/famramiba/erik/coleadmin/repo/local/coleadmin/v_010/src/main/java/com/raze/coleadmin/controller/AsistenciaController.java
/home/famramiba/erik/coleadmin/repo/local/coleadmin/v_010/src/main/java/com/raze/coleadmin/controller/TipoNivelEducativoController_Roo_Controller_Json.aj
/home/famramiba/erik/coleadmin/repo/local/coleadmin/v_010/src/main/java/com/raze/coleadmin/controller/EscuelaController.java
/home/famramiba/erik/coleadmin/repo/local/coleadmin/v_010/src/main/java/com/raze/coleadmin/controller/EstatusCargoController_Roo_Controller.aj
/home/famramiba/erik/coleadmin/repo/local/coleadmin/v_010/src/main/java/com/raze/coleadmin/controller/SalonController.java
/home/famramiba/erik/coleadmin/repo/local/coleadmin/v_010/src/main/java/com/raze/coleadmin/controller/ConceptoController.java
/home/famramiba/erik/coleadmin/repo/local/coleadmin/v_010/src/main/java/com/raze/coleadmin/controller/ConceptoController_Roo_Controller.aj
/home/famramiba/erik/coleadmin/repo/local/coleadmin/v_010/src/main/java/com/raze/coleadmin/controller/AlumnoController.java
/home/famramiba/erik/coleadmin/repo/local/coleadmin/v_010/src/main/java/com/raze/coleadmin/controller/CategoriaController.java
/home/famramiba/erik/coleadmin/repo/local/coleadmin/v_010/src/main/java/com/raze/coleadmin/controller/ApplicationConversionServiceFactoryBean_Roo_ConversionService.aj
/home/famramiba/erik/coleadmin/repo/local/coleadmin/v_010/src/main/java/com/raze/coleadmin/controller/InscrpcionController_Roo_Controller.aj
/home/famramiba/erik/coleadmin/repo/local/coleadmin/v_010/src/main/java/com/raze/coleadmin/controller/InscrpcionController.java
/home/famramiba/erik/coleadmin/repo/local/coleadmin/v_010/src/main/java/com/raze/coleadmin/controller/PermisoController_Roo_Controller.aj
/home/famramiba/erik/coleadmin/repo/local/coleadmin/v_010/src/main/java/com/raze/coleadmin/controller/NivelEducativoController_Roo_Controller.aj
/home/famramiba/erik/coleadmin/repo/local/coleadmin/v_010/src/main/java/com/raze/coleadmin/controller/ApplicationConversionServiceFactoryBean.java
/home/famramiba/erik/coleadmin/repo/local/coleadmin/v_010/src/main/java/com/raze/coleadmin/controller/CorreoNotificacionesController_Roo_Controller_Json.aj
/home/famramiba/erik/coleadmin/repo/local/coleadmin/v_010/src/main/java/com/raze/coleadmin/controller/TipoAsistenciaController.java
/home/famramiba/erik/coleadmin/repo/local/coleadmin/v_010/src/main/java/com/raze/coleadmin/controller/AlumnoController_Roo_Controller.aj
/home/famramiba/erik/coleadmin/repo/local/coleadmin/v_010/src/main/java/com/raze/coleadmin/service/ContactoServiceImpl_Roo_Service.aj
/home/famramiba/erik/coleadmin/repo/local/coleadmin/v_010/src/main/java/com/raze/coleadmin/service/ContactoService.java
/home/famramiba/erik/coleadmin/repo/local/coleadmin/v_010/src/main/java/com/raze/coleadmin/service/CorreoNotificacionesServiceImpl.java
/home/famramiba/erik/coleadmin/repo/local/coleadmin/v_010/src/main/java/com/raze/coleadmin/service/PersonalService.java
/home/famramiba/erik/coleadmin/repo/local/coleadmin/v_010/src/main/java/com/raze/coleadmin/service/DomicilioServiceImpl.java
/home/famramiba/erik/coleadmin/repo/local/coleadmin/v_010/src/main/java/com/raze/coleadmin/service/CursoService_Roo_Service.aj
/home/famramiba/erik/coleadmin/repo/local/coleadmin/v_010/src/main/java/com/raze/coleadmin/service/PersonalService_Roo_Service.aj
/home/famramiba/erik/coleadmin/repo/local/coleadmin/v_010/src/main/java/com/raze/coleadmin/service/EstatusInscripcionServiceImpl_Roo_Service.aj
/home/famramiba/erik/coleadmin/repo/local/coleadmin/v_010/src/main/java/com/raze/coleadmin/service/AsistenciaServiceImpl.java
/home/famramiba/erik/coleadmin/repo/local/coleadmin/v_010/src/main/java/com/raze/coleadmin/service/CicloEscolarServiceImpl.java
/home/famramiba/erik/coleadmin/repo/local/coleadmin/v_010/src/main/java/com/raze/coleadmin/service/PersonalServiceImpl.java
/home/famramiba/erik/coleadmin/repo/local/coleadmin/v_010/src/main/java/com/raze/coleadmin/service/ConceptoInscripcionCursoService_Roo_Service.aj
/home/famramiba/erik/coleadmin/repo/local/coleadmin/v_010/src/main/java/com/raze/coleadmin/service/CursoServiceImpl_Roo_Service.aj
/home/famramiba/erik/coleadmin/repo/local/coleadmin/v_010/src/main/java/com/raze/coleadmin/service/CategoriaServiceImpl.java
/home/famramiba/erik/coleadmin/repo/local/coleadmin/v_010/src/main/java/com/raze/coleadmin/service/AbonoService_Roo_Service.aj
/home/famramiba/erik/coleadmin/repo/local/coleadmin/v_010/src/main/java/com/raze/coleadmin/service/GrupoService_Roo_Service.aj
/home/famramiba/erik/coleadmin/repo/local/coleadmin/v_010/src/main/java/com/raze/coleadmin/service/ConceptoServiceImpl.java
/home/famramiba/erik/coleadmin/repo/local/coleadmin/v_010/src/main/java/com/raze/coleadmin/service/PermisoService.java
/home/famramiba/erik/coleadmin/repo/local/coleadmin/v_010/src/main/java/com/raze/coleadmin/service/AsistenciaServiceImpl_Roo_Service.aj
/home/famramiba/erik/coleadmin/repo/local/coleadmin/v_010/src/main/java/com/raze/coleadmin/service/MetodoPagoService.java
/home/famramiba/erik/coleadmin/repo/local/coleadmin/v_010/src/main/java/com/raze/coleadmin/service/AlumnoService_Roo_Service.aj
/home/famramiba/erik/coleadmin/repo/local/coleadmin/v_010/src/main/java/com/raze/coleadmin/service/InscrpcionServiceImpl_Roo_Service.aj
/home/famramiba/erik/coleadmin/repo/local/coleadmin/v_010/src/main/java/com/raze/coleadmin/service/NivelEducativoService_Roo_Service.aj
/home/famramiba/erik/coleadmin/repo/local/coleadmin/v_010/src/main/java/com/raze/coleadmin/service/EstatusCargoServiceImpl.java
/home/famramiba/erik/coleadmin/repo/local/coleadmin/v_010/src/main/java/com/raze/coleadmin/service/UsuarioServiceImpl_Roo_Service.aj
/home/famramiba/erik/coleadmin/repo/local/coleadmin/v_010/src/main/java/com/raze/coleadmin/service/CorreoNotificacionesService_Roo_Service.aj
/home/famramiba/erik/coleadmin/repo/local/coleadmin/v_010/src/main/java/com/raze/coleadmin/service/EscuelaService_Roo_Service.aj
/home/famramiba/erik/coleadmin/repo/local/coleadmin/v_010/src/main/java/com/raze/coleadmin/service/PadreService.java
/home/famramiba/erik/coleadmin/repo/local/coleadmin/v_010/src/main/java/com/raze/coleadmin/service/TipoAsistenciaServiceImpl.java
/home/famramiba/erik/coleadmin/repo/local/coleadmin/v_010/src/main/java/com/raze/coleadmin/service/EstatusInscripcionService_Roo_Service.aj
/home/famramiba/erik/coleadmin/repo/local/coleadmin/v_010/src/main/java/com/raze/coleadmin/service/UsuarioService.java
/home/famramiba/erik/coleadmin/repo/local/coleadmin/v_010/src/main/java/com/raze/coleadmin/service/PermisoServiceImpl_Roo_Service.aj
/home/famramiba/erik/coleadmin/repo/local/coleadmin/v_010/src/main/java/com/raze/coleadmin/service/UsuarioServiceImpl.java
/home/famramiba/erik/coleadmin/repo/local/coleadmin/v_010/src/main/java/com/raze/coleadmin/service/CursoService.java
/home/famramiba/erik/coleadmin/repo/local/coleadmin/v_010/src/main/java/com/raze/coleadmin/service/PadreServiceImpl.java
/home/famramiba/erik/coleadmin/repo/local/coleadmin/v_010/src/main/java/com/raze/coleadmin/service/AlumnoService.java
/home/famramiba/erik/coleadmin/repo/local/coleadmin/v_010/src/main/java/com/raze/coleadmin/service/CorreoNotificacionesService.java
/home/famramiba/erik/coleadmin/repo/local/coleadmin/v_010/src/main/java/com/raze/coleadmin/service/MetodoPagoServiceImpl_Roo_Service.aj
/home/famramiba/erik/coleadmin/repo/local/coleadmin/v_010/src/main/java/com/raze/coleadmin/service/NivelEducativoServiceImpl.java
/home/famramiba/erik/coleadmin/repo/local/coleadmin/v_010/src/main/java/com/raze/coleadmin/service/ConceptoInscripcionCursoService.java
/home/famramiba/erik/coleadmin/repo/local/coleadmin/v_010/src/main/java/com/raze/coleadmin/service/ConceptoServiceImpl_Roo_Service.aj
/home/famramiba/erik/coleadmin/repo/local/coleadmin/v_010/src/main/java/com/raze/coleadmin/service/DomicilioService_Roo_Service.aj
/home/famramiba/erik/coleadmin/repo/local/coleadmin/v_010/src/main/java/com/raze/coleadmin/service/AbonoServiceImpl.java
/home/famramiba/erik/coleadmin/repo/local/coleadmin/v_010/src/main/java/com/raze/coleadmin/service/EscuelaServiceImpl_Roo_Service.aj
/home/famramiba/erik/coleadmin/repo/local/coleadmin/v_010/src/main/java/com/raze/coleadmin/service/AlumnoServiceImpl.java
/home/famramiba/erik/coleadmin/repo/local/coleadmin/v_010/src/main/java/com/raze/coleadmin/service/UsuarioService_Roo_Service.aj
/home/famramiba/erik/coleadmin/repo/local/coleadmin/v_010/src/main/java/com/raze/coleadmin/service/GrupoServiceImpl_Roo_Service.aj
/home/famramiba/erik/coleadmin/repo/local/coleadmin/v_010/src/main/java/com/raze/coleadmin/service/SalonServiceImpl.java
/home/famramiba/erik/coleadmin/repo/local/coleadmin/v_010/src/main/java/com/raze/coleadmin/service/TipoNivelEducativoService_Roo_Service.aj
/home/famramiba/erik/coleadmin/repo/local/coleadmin/v_010/src/main/java/com/raze/coleadmin/service/PermisoService_Roo_Service.aj
/home/famramiba/erik/coleadmin/repo/local/coleadmin/v_010/src/main/java/com/raze/coleadmin/service/SalonService.java
/home/famramiba/erik/coleadmin/repo/local/coleadmin/v_010/src/main/java/com/raze/coleadmin/service/EstatusInscripcionService.java
/home/famramiba/erik/coleadmin/repo/local/coleadmin/v_010/src/main/java/com/raze/coleadmin/service/TipoAsistenciaServiceImpl_Roo_Service.aj
/home/famramiba/erik/coleadmin/repo/local/coleadmin/v_010/src/main/java/com/raze/coleadmin/service/CargoService.java
/home/famramiba/erik/coleadmin/repo/local/coleadmin/v_010/src/main/java/com/raze/coleadmin/service/ConceptoInscripcionCursoServiceImpl_Roo_Service.aj
/home/famramiba/erik/coleadmin/repo/local/coleadmin/v_010/src/main/java/com/raze/coleadmin/service/InscrpcionService_Roo_Service.aj
/home/famramiba/erik/coleadmin/repo/local/coleadmin/v_010/src/main/java/com/raze/coleadmin/service/GrupoServiceImpl.java
/home/famramiba/erik/coleadmin/repo/local/coleadmin/v_010/src/main/java/com/raze/coleadmin/service/MetodoPagoServiceImpl.java
/home/famramiba/erik/coleadmin/repo/local/coleadmin/v_010/src/main/java/com/raze/coleadmin/service/AbonoServiceImpl_Roo_Service.aj
/home/famramiba/erik/coleadmin/repo/local/coleadmin/v_010/src/main/java/com/raze/coleadmin/service/CorreoNotificacionesServiceImpl_Roo_Service.aj
/home/famramiba/erik/coleadmin/repo/local/coleadmin/v_010/src/main/java/com/raze/coleadmin/service/TipoNivelEducativoServiceImpl.java
/home/famramiba/erik/coleadmin/repo/local/coleadmin/v_010/src/main/java/com/raze/coleadmin/service/NivelEducativoServiceImpl_Roo_Service.aj
/home/famramiba/erik/coleadmin/repo/local/coleadmin/v_010/src/main/java/com/raze/coleadmin/service/SalonService_Roo_Service.aj
/home/famramiba/erik/coleadmin/repo/local/coleadmin/v_010/src/main/java/com/raze/coleadmin/service/EstatusCargoService_Roo_Service.aj
/home/famramiba/erik/coleadmin/repo/local/coleadmin/v_010/src/main/java/com/raze/coleadmin/service/InscrpcionServiceImpl.java
/home/famramiba/erik/coleadmin/repo/local/coleadmin/v_010/src/main/java/com/raze/coleadmin/service/PadreServiceImpl_Roo_Service.aj
/home/famramiba/erik/coleadmin/repo/local/coleadmin/v_010/src/main/java/com/raze/coleadmin/service/RolService_Roo_Service.aj
/home/famramiba/erik/coleadmin/repo/local/coleadmin/v_010/src/main/java/com/raze/coleadmin/service/DomicilioServiceImpl_Roo_Service.aj
/home/famramiba/erik/coleadmin/repo/local/coleadmin/v_010/src/main/java/com/raze/coleadmin/service/PermisoServiceImpl.java
/home/famramiba/erik/coleadmin/repo/local/coleadmin/v_010/src/main/java/com/raze/coleadmin/service/CicloEscolarServiceImpl_Roo_Service.aj
/home/famramiba/erik/coleadmin/repo/local/coleadmin/v_010/src/main/java/com/raze/coleadmin/service/ConceptoInscripcionCursoServiceImpl.java
/home/famramiba/erik/coleadmin/repo/local/coleadmin/v_010/src/main/java/com/raze/coleadmin/service/AsistenciaService_Roo_Service.aj
/home/famramiba/erik/coleadmin/repo/local/coleadmin/v_010/src/main/java/com/raze/coleadmin/service/RolServiceImpl.java
/home/famramiba/erik/coleadmin/repo/local/coleadmin/v_010/src/main/java/com/raze/coleadmin/service/TipoAsistenciaService.java
/home/famramiba/erik/coleadmin/repo/local/coleadmin/v_010/src/main/java/com/raze/coleadmin/service/AsistenciaService.java
/home/famramiba/erik/coleadmin/repo/local/coleadmin/v_010/src/main/java/com/raze/coleadmin/service/AbonoService.java
/home/famramiba/erik/coleadmin/repo/local/coleadmin/v_010/src/main/java/com/raze/coleadmin/service/EscuelaService.java
/home/famramiba/erik/coleadmin/repo/local/coleadmin/v_010/src/main/java/com/raze/coleadmin/service/DomicilioService.java
/home/famramiba/erik/coleadmin/repo/local/coleadmin/v_010/src/main/java/com/raze/coleadmin/service/ConceptoService_Roo_Service.aj
/home/famramiba/erik/coleadmin/repo/local/coleadmin/v_010/src/main/java/com/raze/coleadmin/service/CicloEscolarService.java
/home/famramiba/erik/coleadmin/repo/local/coleadmin/v_010/src/main/java/com/raze/coleadmin/service/RolServiceImpl_Roo_Service.aj
/home/famramiba/erik/coleadmin/repo/local/coleadmin/v_010/src/main/java/com/raze/coleadmin/service/TipoNivelEducativoService.java
/home/famramiba/erik/coleadmin/repo/local/coleadmin/v_010/src/main/java/com/raze/coleadmin/service/ContactoService_Roo_Service.aj
/home/famramiba/erik/coleadmin/repo/local/coleadmin/v_010/src/main/java/com/raze/coleadmin/service/EstatusCargoServiceImpl_Roo_Service.aj
/home/famramiba/erik/coleadmin/repo/local/coleadmin/v_010/src/main/java/com/raze/coleadmin/service/TipoAsistenciaService_Roo_Service.aj
/home/famramiba/erik/coleadmin/repo/local/coleadmin/v_010/src/main/java/com/raze/coleadmin/service/MetodoPagoService_Roo_Service.aj
/home/famramiba/erik/coleadmin/repo/local/coleadmin/v_010/src/main/java/com/raze/coleadmin/service/TipoNivelEducativoServiceImpl_Roo_Service.aj
/home/famramiba/erik/coleadmin/repo/local/coleadmin/v_010/src/main/java/com/raze/coleadmin/service/GrupoService.java
/home/famramiba/erik/coleadmin/repo/local/coleadmin/v_010/src/main/java/com/raze/coleadmin/service/RolService.java
/home/famramiba/erik/coleadmin/repo/local/coleadmin/v_010/src/main/java/com/raze/coleadmin/service/CategoriaServiceImpl_Roo_Service.aj
/home/famramiba/erik/coleadmin/repo/local/coleadmin/v_010/src/main/java/com/raze/coleadmin/service/EstatusInscripcionServiceImpl.java
/home/famramiba/erik/coleadmin/repo/local/coleadmin/v_010/src/main/java/com/raze/coleadmin/service/ContactoServiceImpl.java
/home/famramiba/erik/coleadmin/repo/local/coleadmin/v_010/src/main/java/com/raze/coleadmin/service/EscuelaServiceImpl.java
/home/famramiba/erik/coleadmin/repo/local/coleadmin/v_010/src/main/java/com/raze/coleadmin/service/InscrpcionService.java
/home/famramiba/erik/coleadmin/repo/local/coleadmin/v_010/src/main/java/com/raze/coleadmin/service/CargoService_Roo_Service.aj
/home/famramiba/erik/coleadmin/repo/local/coleadmin/v_010/src/main/java/com/raze/coleadmin/service/CursoServiceImpl.java
/home/famramiba/erik/coleadmin/repo/local/coleadmin/v_010/src/main/java/com/raze/coleadmin/service/ConceptoService.java
/home/famramiba/erik/coleadmin/repo/local/coleadmin/v_010/src/main/java/com/raze/coleadmin/service/CategoriaService.java
/home/famramiba/erik/coleadmin/repo/local/coleadmin/v_010/src/main/java/com/raze/coleadmin/service/NivelEducativoService.java
/home/famramiba/erik/coleadmin/repo/local/coleadmin/v_010/src/main/java/com/raze/coleadmin/service/PadreService_Roo_Service.aj
/home/famramiba/erik/coleadmin/repo/local/coleadmin/v_010/src/main/java/com/raze/coleadmin/service/CicloEscolarService_Roo_Service.aj
/home/famramiba/erik/coleadmin/repo/local/coleadmin/v_010/src/main/java/com/raze/coleadmin/service/CargoServiceImpl_Roo_Service.aj
/home/famramiba/erik/coleadmin/repo/local/coleadmin/v_010/src/main/java/com/raze/coleadmin/service/EstatusCargoService.java
/home/famramiba/erik/coleadmin/repo/local/coleadmin/v_010/src/main/java/com/raze/coleadmin/service/PersonalServiceImpl_Roo_Service.aj
/home/famramiba/erik/coleadmin/repo/local/coleadmin/v_010/src/main/java/com/raze/coleadmin/service/CargoServiceImpl.java
/home/famramiba/erik/coleadmin/repo/local/coleadmin/v_010/src/main/java/com/raze/coleadmin/service/CategoriaService_Roo_Service.aj
/home/famramiba/erik/coleadmin/repo/local/coleadmin/v_010/src/main/java/com/raze/coleadmin/service/SalonServiceImpl_Roo_Service.aj
/home/famramiba/erik/coleadmin/repo/local/coleadmin/v_010/src/main/java/com/raze/coleadmin/service/AlumnoServiceImpl_Roo_Service.aj
