-encoding
UTF-8
-outxml
-source
1.6
-target
1.6
-classpath
/home/famramiba/.m2/repository/junit/junit/4.11/junit-4.11.jar:/home/famramiba/.m2/repository/log4j/log4j/1.2.17/log4j-1.2.17.jar:/home/famramiba/.m2/repository/org/slf4j/slf4j-api/1.7.5/slf4j-api-1.7.5.jar:/home/famramiba/.m2/repository/org/slf4j/jcl-over-slf4j/1.7.5/jcl-over-slf4j-1.7.5.jar:/home/famramiba/.m2/repository/org/slf4j/slf4j-log4j12/1.7.5/slf4j-log4j12-1.7.5.jar:/home/famramiba/.m2/repository/org/aspectj/aspectjrt/1.8.1/aspectjrt-1.8.1.jar:/home/famramiba/.m2/repository/org/aspectj/aspectjweaver/1.8.1/aspectjweaver-1.8.1.jar:/home/famramiba/.m2/repository/javax/servlet/servlet-api/2.5/servlet-api-2.5.jar:/home/famramiba/.m2/repository/net/sf/flexjson/flexjson/2.1/flexjson-2.1.jar:/home/famramiba/.m2/repository/org/apache/commons/commons-lang3/3.1/commons-lang3-3.1.jar:/home/famramiba/.m2/repository/org/springframework/spring-core/3.2.6.RELEASE/spring-core-3.2.6.RELEASE.jar:/home/famramiba/.m2/repository/org/springframework/spring-test/3.2.6.RELEASE/spring-test-3.2.6.RELEASE.jar:/home/famramiba/.m2/repository/org/springframework/spring-context/3.2.6.RELEASE/spring-context-3.2.6.RELEASE.jar:/home/famramiba/.m2/repository/org/springframework/spring-aop/3.2.6.RELEASE/spring-aop-3.2.6.RELEASE.jar:/home/famramiba/.m2/repository/org/springframework/spring-aspects/3.2.6.RELEASE/spring-aspects-3.2.6.RELEASE.jar:/home/famramiba/.m2/repository/mysql/mysql-connector-java/5.1.18/mysql-connector-java-5.1.18.jar:/home/famramiba/.m2/repository/org/hibernate/hibernate-core/4.3.6.Final/hibernate-core-4.3.6.Final.jar:/home/famramiba/.m2/repository/org/hibernate/hibernate-entitymanager/4.3.6.Final/hibernate-entitymanager-4.3.6.Final.jar:/home/famramiba/.m2/repository/org/hibernate/javax/persistence/hibernate-jpa-2.1-api/1.0.0.Final/hibernate-jpa-2.1-api-1.0.0.Final.jar:/home/famramiba/.m2/repository/commons-collections/commons-collections/3.2.1/commons-collections-3.2.1.jar:/home/famramiba/.m2/repository/org/hibernate/hibernate-validator/4.3.2.Final/hibernate-validator-4.3.2.Final.jar:/home/famramiba/.m2/repository/javax/validation/validation-api/1.0.0.GA/validation-api-1.0.0.GA.jar:/home/famramiba/.m2/repository/javax/transaction/jta/1.1/jta-1.1.jar:/home/famramiba/.m2/repository/org/springframework/spring-jdbc/3.2.6.RELEASE/spring-jdbc-3.2.6.RELEASE.jar:/home/famramiba/.m2/repository/org/springframework/spring-orm/3.2.6.RELEASE/spring-orm-3.2.6.RELEASE.jar:/home/famramiba/.m2/repository/commons-pool/commons-pool/1.5.6/commons-pool-1.5.6.jar:/home/famramiba/.m2/repository/commons-dbcp/commons-dbcp/1.4/commons-dbcp-1.4.jar:/home/famramiba/.m2/repository/org/springframework/data/spring-data-jpa/1.4.3.RELEASE/spring-data-jpa-1.4.3.RELEASE.jar:/home/famramiba/.m2/repository/org/springframework/spring-webmvc/3.2.6.RELEASE/spring-webmvc-3.2.6.RELEASE.jar:/home/famramiba/.m2/repository/org/springframework/webflow/spring-js-resources/2.2.1.RELEASE/spring-js-resources-2.2.1.RELEASE.jar:/home/famramiba/.m2/repository/commons-digester/commons-digester/2.1/commons-digester-2.1.jar:/home/famramiba/.m2/repository/commons-fileupload/commons-fileupload/1.2.2/commons-fileupload-1.2.2.jar:/home/famramiba/.m2/repository/javax/servlet/jsp/jstl/jstl-api/1.2/jstl-api-1.2.jar:/home/famramiba/.m2/repository/org/glassfish/web/jstl-impl/1.2/jstl-impl-1.2.jar:/home/famramiba/.m2/repository/javax/el/el-api/2.2/el-api-2.2.jar:/home/famramiba/.m2/repository/joda-time/joda-time/1.6/joda-time-1.6.jar:/home/famramiba/.m2/repository/javax/servlet/jsp/jsp-api/2.1/jsp-api-2.1.jar:/home/famramiba/.m2/repository/commons-codec/commons-codec/1.5/commons-codec-1.5.jar:/home/famramiba/.m2/repository/org/apache/tiles/tiles-jsp/2.2.2/tiles-jsp-2.2.2.jar:/home/famramiba/.m2/repository/org/springframework/security/spring-security-core/3.1.0.RELEASE/spring-security-core-3.1.0.RELEASE.jar:/home/famramiba/.m2/repository/org/springframework/security/spring-security-config/3.1.0.RELEASE/spring-security-config-3.1.0.RELEASE.jar:/home/famramiba/.m2/repository/org/springframework/security/spring-security-web/3.1.0.RELEASE/spring-security-web-3.1.0.RELEASE.jar:/home/famramiba/.m2/repository/org/springframework/security/spring-security-taglibs/3.1.0.RELEASE/spring-security-taglibs-3.1.0.RELEASE.jar:/home/famramiba/.m2/repository/org/springframework/spring-context-support/3.2.6.RELEASE/spring-context-support-3.2.6.RELEASE.jar:/home/famramiba/.m2/repository/javax/mail/mail/1.4.1/mail-1.4.1.jar:/home/famramiba/.m2/repository/javax/activation/activation/1.1.1/activation-1.1.1.jar:/home/famramiba/.m2/repository/org/apache/ant/ant/1.9.3/ant-1.9.3.jar:/home/famramiba/.m2/repository/org/springframework/spring-beans/3.2.6.RELEASE/spring-beans-3.2.6.RELEASE.jar:/home/famramiba/.m2/repository/org/springframework/spring-expression/3.2.6.RELEASE/spring-expression-3.2.6.RELEASE.jar:/home/famramiba/.m2/repository/aopalliance/aopalliance/1.0/aopalliance-1.0.jar:/home/famramiba/.m2/repository/org/jboss/logging/jboss-logging/3.1.3.GA/jboss-logging-3.1.3.GA.jar:/home/famramiba/.m2/repository/org/jboss/logging/jboss-logging-annotations/1.2.0.Beta1/jboss-logging-annotations-1.2.0.Beta1.jar:/home/famramiba/.m2/repository/org/jboss/spec/javax/transaction/jboss-transaction-api_1.2_spec/1.0.0.Final/jboss-transaction-api_1.2_spec-1.0.0.Final.jar:/home/famramiba/.m2/repository/dom4j/dom4j/1.6.1/dom4j-1.6.1.jar:/home/famramiba/.m2/repository/xml-apis/xml-apis/1.0.b2/xml-apis-1.0.b2.jar:/home/famramiba/.m2/repository/org/hibernate/common/hibernate-commons-annotations/4.0.5.Final/hibernate-commons-annotations-4.0.5.Final.jar:/home/famramiba/.m2/repository/org/javassist/javassist/3.18.1-GA/javassist-3.18.1-GA.jar:/home/famramiba/.m2/repository/antlr/antlr/2.7.7/antlr-2.7.7.jar:/home/famramiba/.m2/repository/org/jboss/jandex/1.1.0.Final/jandex-1.1.0.Final.jar:/home/famramiba/.m2/repository/org/springframework/spring-tx/3.2.6.RELEASE/spring-tx-3.2.6.RELEASE.jar:/home/famramiba/.m2/repository/org/springframework/data/spring-data-commons/1.6.3.RELEASE/spring-data-commons-1.6.3.RELEASE.jar:/home/famramiba/.m2/repository/org/springframework/spring-web/3.2.6.RELEASE/spring-web-3.2.6.RELEASE.jar:/home/famramiba/.m2/repository/commons-beanutils/commons-beanutils/1.8.3/commons-beanutils-1.8.3.jar:/home/famramiba/.m2/repository/org/apache/tiles/tiles-servlet/2.2.2/tiles-servlet-2.2.2.jar:/home/famramiba/.m2/repository/org/apache/tiles/tiles-core/2.2.2/tiles-core-2.2.2.jar:/home/famramiba/.m2/repository/org/apache/tiles/tiles-template/2.2.2/tiles-template-2.2.2.jar:/home/famramiba/.m2/repository/org/apache/tiles/tiles-api/2.2.2/tiles-api-2.2.2.jar:/home/famramiba/.m2/repository/org/springframework/security/spring-security-crypto/3.1.0.RELEASE/spring-security-crypto-3.1.0.RELEASE.jar:/home/famramiba/.m2/repository/org/springframework/security/spring-security-acl/3.1.0.RELEASE/spring-security-acl-3.1.0.RELEASE.jar:/home/famramiba/.m2/repository/org/apache/ant/ant-launcher/1.9.3/ant-launcher-1.9.3.jar:/home/famramiba/erik/coleadmin/codigo/v_003/target/classes
-aspectpath
/home/famramiba/.m2/repository/org/springframework/spring-aspects/3.2.6.RELEASE/spring-aspects-3.2.6.RELEASE.jar
-d
/home/famramiba/erik/coleadmin/codigo/v_003/target/classes
/home/famramiba/erik/coleadmin/codigo/v_003/src/main/java/com/raze/coleadmin/email/NotificationServiceImpl.java
/home/famramiba/erik/coleadmin/codigo/v_003/src/main/java/com/raze/coleadmin/email/NotificationService.java
/home/famramiba/erik/coleadmin/codigo/v_003/src/main/java/com/raze/coleadmin/domain/Modulo.java
/home/famramiba/erik/coleadmin/codigo/v_003/src/main/java/com/raze/coleadmin/domain/Usuario.java
/home/famramiba/erik/coleadmin/codigo/v_003/src/main/java/com/raze/coleadmin/domain/Escuela.java
/home/famramiba/erik/coleadmin/codigo/v_003/src/main/java/com/raze/coleadmin/domain/Asistencia.java
/home/famramiba/erik/coleadmin/codigo/v_003/src/main/java/com/raze/coleadmin/domain/Concepto.java
/home/famramiba/erik/coleadmin/codigo/v_003/src/main/java/com/raze/coleadmin/domain/Cargo.java
/home/famramiba/erik/coleadmin/codigo/v_003/src/main/java/com/raze/coleadmin/domain/Pago.java
/home/famramiba/erik/coleadmin/codigo/v_003/src/main/java/com/raze/coleadmin/domain/CicloEscolar.java
/home/famramiba/erik/coleadmin/codigo/v_003/src/main/java/com/raze/coleadmin/domain/Repeticiones.java
/home/famramiba/erik/coleadmin/codigo/v_003/src/main/java/com/raze/coleadmin/domain/ConfiguracionPagoEscuela.java
/home/famramiba/erik/coleadmin/codigo/v_003/src/main/java/com/raze/coleadmin/domain/ConfiguracionCurso.java
/home/famramiba/erik/coleadmin/codigo/v_003/src/main/java/com/raze/coleadmin/domain/PagoEscuela.java
/home/famramiba/erik/coleadmin/codigo/v_003/src/main/java/com/raze/coleadmin/domain/Rol.java
/home/famramiba/erik/coleadmin/codigo/v_003/src/main/java/com/raze/coleadmin/domain/Grupo.java
/home/famramiba/erik/coleadmin/codigo/v_003/src/main/java/com/raze/coleadmin/domain/Permiso.java
/home/famramiba/erik/coleadmin/codigo/v_003/src/main/java/com/raze/coleadmin/domain/Cuenta.java
/home/famramiba/erik/coleadmin/codigo/v_003/src/main/java/com/raze/coleadmin/domain/Plantel.java
/home/famramiba/erik/coleadmin/codigo/v_003/src/main/java/com/raze/coleadmin/domain/AlumnoGrupo.java
/home/famramiba/erik/coleadmin/codigo/v_003/src/main/java/com/raze/coleadmin/domain/Curso.java
/home/famramiba/erik/coleadmin/codigo/v_003/src/main/java/com/raze/coleadmin/repository/domain/PermisoRepository.java
/home/famramiba/erik/coleadmin/codigo/v_003/src/main/java/com/raze/coleadmin/repository/domain/ConfiguracionCursoRepository.java
/home/famramiba/erik/coleadmin/codigo/v_003/src/main/java/com/raze/coleadmin/repository/domain/CuentaRepository.java
/home/famramiba/erik/coleadmin/codigo/v_003/src/main/java/com/raze/coleadmin/repository/domain/RepeticionesRepository.java
/home/famramiba/erik/coleadmin/codigo/v_003/src/main/java/com/raze/coleadmin/repository/domain/GrupoRepository.java
/home/famramiba/erik/coleadmin/codigo/v_003/src/main/java/com/raze/coleadmin/repository/domain/PagoRepository.java
/home/famramiba/erik/coleadmin/codigo/v_003/src/main/java/com/raze/coleadmin/repository/domain/AlumnoGrupoRepository.java
/home/famramiba/erik/coleadmin/codigo/v_003/src/main/java/com/raze/coleadmin/repository/domain/CargoRepository.java
/home/famramiba/erik/coleadmin/codigo/v_003/src/main/java/com/raze/coleadmin/repository/domain/ModuloRepository.java
/home/famramiba/erik/coleadmin/codigo/v_003/src/main/java/com/raze/coleadmin/repository/domain/CursoRepository.java
/home/famramiba/erik/coleadmin/codigo/v_003/src/main/java/com/raze/coleadmin/repository/domain/AsistenciaRepository.java
/home/famramiba/erik/coleadmin/codigo/v_003/src/main/java/com/raze/coleadmin/repository/domain/RolRepository.java
/home/famramiba/erik/coleadmin/codigo/v_003/src/main/java/com/raze/coleadmin/repository/domain/PagoEscuelaRepository.java
/home/famramiba/erik/coleadmin/codigo/v_003/src/main/java/com/raze/coleadmin/repository/domain/ConfiguracionPagoEscuelaRepository.java
/home/famramiba/erik/coleadmin/codigo/v_003/src/main/java/com/raze/coleadmin/repository/domain/PlantelRepository.java
/home/famramiba/erik/coleadmin/codigo/v_003/src/main/java/com/raze/coleadmin/repository/domain/EscuelaRepository.java
/home/famramiba/erik/coleadmin/codigo/v_003/src/main/java/com/raze/coleadmin/repository/domain/UsuarioRepository.java
/home/famramiba/erik/coleadmin/codigo/v_003/src/main/java/com/raze/coleadmin/repository/domain/ConceptoRepository.java
/home/famramiba/erik/coleadmin/codigo/v_003/src/main/java/com/raze/coleadmin/repository/domain/CicloEscolarRepository.java
/home/famramiba/erik/coleadmin/codigo/v_003/src/main/java/com/raze/coleadmin/catalog/TipoConcepto.java
/home/famramiba/erik/coleadmin/codigo/v_003/src/main/java/com/raze/coleadmin/catalog/EstatusAlumno.java
/home/famramiba/erik/coleadmin/codigo/v_003/src/main/java/com/raze/coleadmin/catalog/TipoEscuela.java
/home/famramiba/erik/coleadmin/codigo/v_003/src/main/java/com/raze/coleadmin/catalog/Rol.java
/home/famramiba/erik/coleadmin/codigo/v_003/src/main/java/com/raze/coleadmin/catalog/MetodoPago.java
/home/famramiba/erik/coleadmin/codigo/v_003/src/main/java/com/raze/coleadmin/catalog/SeRepite.java
/home/famramiba/erik/coleadmin/codigo/v_003/src/main/java/com/raze/coleadmin/security/CustomAuthenticationProvider.java
/home/famramiba/erik/coleadmin/codigo/v_003/src/main/java/com/raze/coleadmin/controller/ConfiguracionCursoController.java
/home/famramiba/erik/coleadmin/codigo/v_003/src/main/java/com/raze/coleadmin/controller/RolController.java
/home/famramiba/erik/coleadmin/codigo/v_003/src/main/java/com/raze/coleadmin/controller/CursoController.java
/home/famramiba/erik/coleadmin/codigo/v_003/src/main/java/com/raze/coleadmin/controller/UsuarioController.java
/home/famramiba/erik/coleadmin/codigo/v_003/src/main/java/com/raze/coleadmin/controller/CicloEscolarController.java
/home/famramiba/erik/coleadmin/codigo/v_003/src/main/java/com/raze/coleadmin/controller/GrupoController.java
/home/famramiba/erik/coleadmin/codigo/v_003/src/main/java/com/raze/coleadmin/controller/CargoController.java
/home/famramiba/erik/coleadmin/codigo/v_003/src/main/java/com/raze/coleadmin/controller/RepeticionesController.java
/home/famramiba/erik/coleadmin/codigo/v_003/src/main/java/com/raze/coleadmin/controller/PermisoController.java
/home/famramiba/erik/coleadmin/codigo/v_003/src/main/java/com/raze/coleadmin/controller/ModuloController.java
/home/famramiba/erik/coleadmin/codigo/v_003/src/main/java/com/raze/coleadmin/controller/PlantelController.java
/home/famramiba/erik/coleadmin/codigo/v_003/src/main/java/com/raze/coleadmin/controller/AlumnoGrupoController.java
/home/famramiba/erik/coleadmin/codigo/v_003/src/main/java/com/raze/coleadmin/controller/PagoController.java
/home/famramiba/erik/coleadmin/codigo/v_003/src/main/java/com/raze/coleadmin/controller/CuentaController.java
/home/famramiba/erik/coleadmin/codigo/v_003/src/main/java/com/raze/coleadmin/controller/AsistenciaController.java
/home/famramiba/erik/coleadmin/codigo/v_003/src/main/java/com/raze/coleadmin/controller/EscuelaController.java
/home/famramiba/erik/coleadmin/codigo/v_003/src/main/java/com/raze/coleadmin/controller/ConceptoController.java
/home/famramiba/erik/coleadmin/codigo/v_003/src/main/java/com/raze/coleadmin/controller/PagoEscuelaController.java
/home/famramiba/erik/coleadmin/codigo/v_003/src/main/java/com/raze/coleadmin/controller/ApplicationConversionServiceFactoryBean.java
/home/famramiba/erik/coleadmin/codigo/v_003/src/main/java/com/raze/coleadmin/controller/ConfiguracionPagoEscuelaController.java
/home/famramiba/erik/coleadmin/codigo/v_003/src/main/java/com/raze/coleadmin/util/Authenticated.java
/home/famramiba/erik/coleadmin/codigo/v_003/src/main/java/com/raze/coleadmin/service/domain/PlantelServiceImpl.java
/home/famramiba/erik/coleadmin/codigo/v_003/src/main/java/com/raze/coleadmin/service/domain/AsistenciaServiceImpl.java
/home/famramiba/erik/coleadmin/codigo/v_003/src/main/java/com/raze/coleadmin/service/domain/ConfiguracionCursoServiceImpl.java
/home/famramiba/erik/coleadmin/codigo/v_003/src/main/java/com/raze/coleadmin/service/domain/CicloEscolarServiceImpl.java
/home/famramiba/erik/coleadmin/codigo/v_003/src/main/java/com/raze/coleadmin/service/domain/ConfiguracionPagoEscuelaServiceImpl.java
/home/famramiba/erik/coleadmin/codigo/v_003/src/main/java/com/raze/coleadmin/service/domain/ConceptoServiceImpl.java
/home/famramiba/erik/coleadmin/codigo/v_003/src/main/java/com/raze/coleadmin/service/domain/PermisoService.java
/home/famramiba/erik/coleadmin/codigo/v_003/src/main/java/com/raze/coleadmin/service/domain/UsuarioService.java
/home/famramiba/erik/coleadmin/codigo/v_003/src/main/java/com/raze/coleadmin/service/domain/UsuarioServiceImpl.java
/home/famramiba/erik/coleadmin/codigo/v_003/src/main/java/com/raze/coleadmin/service/domain/CursoService.java
/home/famramiba/erik/coleadmin/codigo/v_003/src/main/java/com/raze/coleadmin/service/domain/CuentaServiceImpl.java
/home/famramiba/erik/coleadmin/codigo/v_003/src/main/java/com/raze/coleadmin/service/domain/CuentaService.java
/home/famramiba/erik/coleadmin/codigo/v_003/src/main/java/com/raze/coleadmin/service/domain/AlumnoGrupoServiceImpl.java
/home/famramiba/erik/coleadmin/codigo/v_003/src/main/java/com/raze/coleadmin/service/domain/CargoService.java
/home/famramiba/erik/coleadmin/codigo/v_003/src/main/java/com/raze/coleadmin/service/domain/ConfiguracionPagoEscuelaService.java
/home/famramiba/erik/coleadmin/codigo/v_003/src/main/java/com/raze/coleadmin/service/domain/AlumnoGrupoService.java
/home/famramiba/erik/coleadmin/codigo/v_003/src/main/java/com/raze/coleadmin/service/domain/GrupoServiceImpl.java
/home/famramiba/erik/coleadmin/codigo/v_003/src/main/java/com/raze/coleadmin/service/domain/RepeticionesServiceImpl.java
/home/famramiba/erik/coleadmin/codigo/v_003/src/main/java/com/raze/coleadmin/service/domain/RepeticionesService.java
/home/famramiba/erik/coleadmin/codigo/v_003/src/main/java/com/raze/coleadmin/service/domain/PlantelService.java
/home/famramiba/erik/coleadmin/codigo/v_003/src/main/java/com/raze/coleadmin/service/domain/PermisoServiceImpl.java
/home/famramiba/erik/coleadmin/codigo/v_003/src/main/java/com/raze/coleadmin/service/domain/PagoEscuelaServiceImpl.java
/home/famramiba/erik/coleadmin/codigo/v_003/src/main/java/com/raze/coleadmin/service/domain/ModuloServiceImpl.java
/home/famramiba/erik/coleadmin/codigo/v_003/src/main/java/com/raze/coleadmin/service/domain/RolServiceImpl.java
/home/famramiba/erik/coleadmin/codigo/v_003/src/main/java/com/raze/coleadmin/service/domain/AsistenciaService.java
/home/famramiba/erik/coleadmin/codigo/v_003/src/main/java/com/raze/coleadmin/service/domain/EscuelaService.java
/home/famramiba/erik/coleadmin/codigo/v_003/src/main/java/com/raze/coleadmin/service/domain/CicloEscolarService.java
/home/famramiba/erik/coleadmin/codigo/v_003/src/main/java/com/raze/coleadmin/service/domain/PagoServiceImpl.java
/home/famramiba/erik/coleadmin/codigo/v_003/src/main/java/com/raze/coleadmin/service/domain/GrupoService.java
/home/famramiba/erik/coleadmin/codigo/v_003/src/main/java/com/raze/coleadmin/service/domain/RolService.java
/home/famramiba/erik/coleadmin/codigo/v_003/src/main/java/com/raze/coleadmin/service/domain/EscuelaServiceImpl.java
/home/famramiba/erik/coleadmin/codigo/v_003/src/main/java/com/raze/coleadmin/service/domain/CursoServiceImpl.java
/home/famramiba/erik/coleadmin/codigo/v_003/src/main/java/com/raze/coleadmin/service/domain/ConceptoService.java
/home/famramiba/erik/coleadmin/codigo/v_003/src/main/java/com/raze/coleadmin/service/domain/PagoService.java
/home/famramiba/erik/coleadmin/codigo/v_003/src/main/java/com/raze/coleadmin/service/domain/ConfiguracionCursoService.java
/home/famramiba/erik/coleadmin/codigo/v_003/src/main/java/com/raze/coleadmin/service/domain/ModuloService.java
/home/famramiba/erik/coleadmin/codigo/v_003/src/main/java/com/raze/coleadmin/service/domain/CargoServiceImpl.java
/home/famramiba/erik/coleadmin/codigo/v_003/src/main/java/com/raze/coleadmin/service/domain/PagoEscuelaService.java
